android/app/build/intermediates/manifest_merge_blame_file/debug/processDebugMainManifest/manifest-merger-blame-debug-report.txt
1<?xml version="1.0" encoding="utf-8"?>
2<manifest xmlns:android="http://schemas.android.com/apk/res/android"
3    package="com.rence_carl_errole.ecolokal"
4    android:versionCode="1"
5    android:versionName="1.0" >
6
7    <uses-sdk
8        android:minSdkVersion="23"
9        android:targetSdkVersion="35" />
10    <!--
11         The INTERNET permission is required for development. Specifically,
12         the Flutter tool needs it to communicate with the running application
13         to allow setting breakpoints, to provide hot reload, etc.
14    -->
15    <uses-permission android:name="android.permission.INTERNET" />
15-->src\debug\AndroidManifest.xml:6:5-66
15-->src\debug\AndroidManifest.xml:6:22-64
16    <!--
17     Required to query activities that can process text, see:
18         https://developer.android.com/training/package-visibility and
19         https://developer.android.com/reference/android/content/Intent#ACTION_PROCESS_TEXT.
20
21         In particular, this is used by the Flutter engine in io.flutter.plugin.text.ProcessTextPlugin.
22    -->
23    <queries>
23-->src\main\AndroidManifest.xml:39:5-44:15
24        <intent>
24-->src\main\AndroidManifest.xml:40:9-43:18
25            <action android:name="android.intent.action.PROCESS_TEXT" />
25-->src\main\AndroidManifest.xml:41:13-72
25-->src\main\AndroidManifest.xml:41:21-70
26
27            <data android:mimeType="text/plain" />
27-->src\main\AndroidManifest.xml:42:13-50
27-->src\main\AndroidManifest.xml:42:19-48
28        </intent>
29
30        <package android:name="com.facebook.katana" />
30-->[com.facebook.android:facebook-common:17.0.1] AndroidManifest.xml:18:9-55
30-->[com.facebook.android:facebook-common:17.0.1] AndroidManifest.xml:18:18-52
31    </queries>
32
33    <uses-permission android:name="android.permission.ACCESS_NETWORK_STATE" />
33-->[com.google.firebase:firebase-auth:23.2.0] AndroidManifest.xml:26:5-79
33-->[com.google.firebase:firebase-auth:23.2.0] AndroidManifest.xml:26:22-76
34    <uses-permission android:name="android.permission.WAKE_LOCK" />
34-->[com.google.android.gms:play-services-measurement-api:22.3.0] AndroidManifest.xml:24:5-68
34-->[com.google.android.gms:play-services-measurement-api:22.3.0] AndroidManifest.xml:24:22-65
35    <uses-permission android:name="com.google.android.gms.permission.AD_ID" />
35-->[com.google.android.gms:play-services-measurement-api:22.3.0] AndroidManifest.xml:25:5-79
35-->[com.google.android.gms:play-services-measurement-api:22.3.0] AndroidManifest.xml:25:22-76
36    <uses-permission android:name="android.permission.ACCESS_ADSERVICES_ATTRIBUTION" />
36-->[com.google.android.gms:play-services-measurement-api:22.3.0] AndroidManifest.xml:26:5-88
36-->[com.google.android.gms:play-services-measurement-api:22.3.0] AndroidManifest.xml:26:22-85
37    <uses-permission android:name="android.permission.ACCESS_ADSERVICES_AD_ID" />
37-->[com.google.android.gms:play-services-measurement-api:22.3.0] AndroidManifest.xml:27:5-82
37-->[com.google.android.gms:play-services-measurement-api:22.3.0] AndroidManifest.xml:27:22-79
38    <uses-permission android:name="com.google.android.finsky.permission.BIND_GET_INSTALL_REFERRER_SERVICE" />
38-->[com.google.android.gms:play-services-measurement:22.3.0] AndroidManifest.xml:26:5-110
38-->[com.google.android.gms:play-services-measurement:22.3.0] AndroidManifest.xml:26:22-107
39    <uses-permission android:name="com.google.android.providers.gsf.permission.READ_GSERVICES" />
39-->[com.google.android.recaptcha:recaptcha:18.6.1] AndroidManifest.xml:9:5-98
39-->[com.google.android.recaptcha:recaptcha:18.6.1] AndroidManifest.xml:9:22-95
40
41    <permission
41-->[androidx.core:core:1.13.1] AndroidManifest.xml:22:5-24:47
42        android:name="com.rence_carl_errole.ecolokal.DYNAMIC_RECEIVER_NOT_EXPORTED_PERMISSION"
42-->[androidx.core:core:1.13.1] AndroidManifest.xml:23:9-81
43        android:protectionLevel="signature" />
43-->[androidx.core:core:1.13.1] AndroidManifest.xml:24:9-44
44
45    <uses-permission android:name="com.rence_carl_errole.ecolokal.DYNAMIC_RECEIVER_NOT_EXPORTED_PERMISSION" />
45-->[androidx.core:core:1.13.1] AndroidManifest.xml:26:5-97
45-->[androidx.core:core:1.13.1] AndroidManifest.xml:26:22-94
46
47    <application
48        android:name="android.app.Application"
49        android:appComponentFactory="androidx.core.app.CoreComponentFactory"
49-->[androidx.core:core:1.13.1] AndroidManifest.xml:28:18-86
50        android:debuggable="true"
51        android:extractNativeLibs="false"
52        android:icon="@mipmap/ic_launcher"
53        android:label="ecolokal"
54        android:supportsRtl="true" >
54-->[com.facebook.android:facebook-login:17.0.1] AndroidManifest.xml:16:18-44
55        <activity
56            android:name="com.rence_carl_errole.ecolokal.MainActivity"
57            android:configChanges="orientation|keyboardHidden|keyboard|screenSize|smallestScreenSize|locale|layoutDirection|fontScale|screenLayout|density|uiMode"
58            android:exported="true"
59            android:hardwareAccelerated="true"
60            android:launchMode="singleTop"
61            android:taskAffinity=""
62            android:theme="@style/LaunchTheme"
63            android:windowSoftInputMode="adjustResize" >
64
65            <!--
66                 Specifies an Android theme to apply to this Activity as soon as
67                 the Android process has started. This theme is visible to the user
68                 while the Flutter UI initializes. After that, this theme continues
69                 to determine the Window background behind the Flutter UI.
70            -->
71            <meta-data
72                android:name="io.flutter.embedding.android.NormalTheme"
73                android:resource="@style/NormalTheme" />
74
75            <intent-filter>
76                <action android:name="android.intent.action.MAIN" />
77
78                <category android:name="android.intent.category.LAUNCHER" />
79            </intent-filter>
80        </activity>
81        <!--
82             Don't delete the meta-data below.
83             This is used by the Flutter tool to generate GeneratedPluginRegistrant.java
84        -->
85        <meta-data
86            android:name="flutterEmbedding"
87            android:value="2" />
88
89        <service
89-->[:firebase_auth] AndroidManifest.xml:8:9-12:19
90            android:name="com.google.firebase.components.ComponentDiscoveryService"
90-->[:firebase_auth] AndroidManifest.xml:8:18-89
91            android:directBootAware="true"
91-->[com.google.firebase:firebase-common:21.0.0] AndroidManifest.xml:32:13-43
92            android:exported="false" >
92-->[com.google.firebase:firebase-auth:23.2.0] AndroidManifest.xml:68:13-37
93            <meta-data
93-->[:firebase_auth] AndroidManifest.xml:9:13-11:85
94                android:name="com.google.firebase.components:io.flutter.plugins.firebase.auth.FlutterFirebaseAuthRegistrar"
94-->[:firebase_auth] AndroidManifest.xml:10:17-124
95                android:value="com.google.firebase.components.ComponentRegistrar" />
95-->[:firebase_auth] AndroidManifest.xml:11:17-82
96            <meta-data
96-->[:firebase_core] AndroidManifest.xml:9:13-11:85
97                android:name="com.google.firebase.components:io.flutter.plugins.firebase.core.FlutterFirebaseCoreRegistrar"
97-->[:firebase_core] AndroidManifest.xml:10:17-124
98                android:value="com.google.firebase.components.ComponentRegistrar" />
98-->[:firebase_core] AndroidManifest.xml:11:17-82
99            <meta-data
99-->[com.google.firebase:firebase-auth:23.2.0] AndroidManifest.xml:69:13-71:85
100                android:name="com.google.firebase.components:com.google.firebase.auth.FirebaseAuthRegistrar"
100-->[com.google.firebase:firebase-auth:23.2.0] AndroidManifest.xml:70:17-109
101                android:value="com.google.firebase.components.ComponentRegistrar" />
101-->[com.google.firebase:firebase-auth:23.2.0] AndroidManifest.xml:71:17-82
102            <meta-data
102-->[com.google.android.gms:play-services-measurement-api:22.3.0] AndroidManifest.xml:33:13-35:85
103                android:name="com.google.firebase.components:com.google.firebase.analytics.connector.internal.AnalyticsConnectorRegistrar"
103-->[com.google.android.gms:play-services-measurement-api:22.3.0] AndroidManifest.xml:34:17-139
104                android:value="com.google.firebase.components.ComponentRegistrar" />
104-->[com.google.android.gms:play-services-measurement-api:22.3.0] AndroidManifest.xml:35:17-82
105            <meta-data
105-->[com.google.firebase:firebase-installations:18.0.0] AndroidManifest.xml:15:13-17:85
106                android:name="com.google.firebase.components:com.google.firebase.installations.FirebaseInstallationsKtxRegistrar"
106-->[com.google.firebase:firebase-installations:18.0.0] AndroidManifest.xml:16:17-130
107                android:value="com.google.firebase.components.ComponentRegistrar" />
107-->[com.google.firebase:firebase-installations:18.0.0] AndroidManifest.xml:17:17-82
108            <meta-data
108-->[com.google.firebase:firebase-installations:18.0.0] AndroidManifest.xml:18:13-20:85
109                android:name="com.google.firebase.components:com.google.firebase.installations.FirebaseInstallationsRegistrar"
109-->[com.google.firebase:firebase-installations:18.0.0] AndroidManifest.xml:19:17-127
110                android:value="com.google.firebase.components.ComponentRegistrar" />
110-->[com.google.firebase:firebase-installations:18.0.0] AndroidManifest.xml:20:17-82
111            <meta-data
111-->[com.google.firebase:firebase-common-ktx:21.0.0] AndroidManifest.xml:12:13-14:85
112                android:name="com.google.firebase.components:com.google.firebase.ktx.FirebaseCommonLegacyRegistrar"
112-->[com.google.firebase:firebase-common-ktx:21.0.0] AndroidManifest.xml:13:17-116
113                android:value="com.google.firebase.components.ComponentRegistrar" />
113-->[com.google.firebase:firebase-common-ktx:21.0.0] AndroidManifest.xml:14:17-82
114            <meta-data
114-->[com.google.firebase:firebase-common:21.0.0] AndroidManifest.xml:35:13-37:85
115                android:name="com.google.firebase.components:com.google.firebase.FirebaseCommonKtxRegistrar"
115-->[com.google.firebase:firebase-common:21.0.0] AndroidManifest.xml:36:17-109
116                android:value="com.google.firebase.components.ComponentRegistrar" />
116-->[com.google.firebase:firebase-common:21.0.0] AndroidManifest.xml:37:17-82
117        </service>
118
119        <activity
119-->[com.google.firebase:firebase-auth:23.2.0] AndroidManifest.xml:29:9-46:20
120            android:name="com.google.firebase.auth.internal.GenericIdpActivity"
120-->[com.google.firebase:firebase-auth:23.2.0] AndroidManifest.xml:30:13-80
121            android:excludeFromRecents="true"
121-->[com.google.firebase:firebase-auth:23.2.0] AndroidManifest.xml:31:13-46
122            android:exported="true"
122-->[com.google.firebase:firebase-auth:23.2.0] AndroidManifest.xml:32:13-36
123            android:launchMode="singleTask"
123-->[com.google.firebase:firebase-auth:23.2.0] AndroidManifest.xml:33:13-44
124            android:theme="@android:style/Theme.Translucent.NoTitleBar" >
124-->[com.google.firebase:firebase-auth:23.2.0] AndroidManifest.xml:34:13-72
125            <intent-filter>
125-->[com.google.firebase:firebase-auth:23.2.0] AndroidManifest.xml:35:13-45:29
126                <action android:name="android.intent.action.VIEW" />
126-->[com.google.firebase:firebase-auth:23.2.0] AndroidManifest.xml:36:17-69
126-->[com.google.firebase:firebase-auth:23.2.0] AndroidManifest.xml:36:25-66
127
128                <category android:name="android.intent.category.DEFAULT" />
128-->[com.google.firebase:firebase-auth:23.2.0] AndroidManifest.xml:38:17-76
128-->[com.google.firebase:firebase-auth:23.2.0] AndroidManifest.xml:38:27-73
129                <category android:name="android.intent.category.BROWSABLE" />
129-->[com.google.firebase:firebase-auth:23.2.0] AndroidManifest.xml:39:17-78
129-->[com.google.firebase:firebase-auth:23.2.0] AndroidManifest.xml:39:27-75
130
131                <data
131-->src\main\AndroidManifest.xml:42:13-50
132                    android:host="firebase.auth"
133                    android:path="/"
134                    android:scheme="genericidp" />
135            </intent-filter>
136        </activity>
137        <activity
137-->[com.google.firebase:firebase-auth:23.2.0] AndroidManifest.xml:47:9-64:20
138            android:name="com.google.firebase.auth.internal.RecaptchaActivity"
138-->[com.google.firebase:firebase-auth:23.2.0] AndroidManifest.xml:48:13-79
139            android:excludeFromRecents="true"
139-->[com.google.firebase:firebase-auth:23.2.0] AndroidManifest.xml:49:13-46
140            android:exported="true"
140-->[com.google.firebase:firebase-auth:23.2.0] AndroidManifest.xml:50:13-36
141            android:launchMode="singleTask"
141-->[com.google.firebase:firebase-auth:23.2.0] AndroidManifest.xml:51:13-44
142            android:theme="@android:style/Theme.Translucent.NoTitleBar" >
142-->[com.google.firebase:firebase-auth:23.2.0] AndroidManifest.xml:52:13-72
143            <intent-filter>
143-->[com.google.firebase:firebase-auth:23.2.0] AndroidManifest.xml:53:13-63:29
144                <action android:name="android.intent.action.VIEW" />
144-->[com.google.firebase:firebase-auth:23.2.0] AndroidManifest.xml:36:17-69
144-->[com.google.firebase:firebase-auth:23.2.0] AndroidManifest.xml:36:25-66
145
146                <category android:name="android.intent.category.DEFAULT" />
146-->[com.google.firebase:firebase-auth:23.2.0] AndroidManifest.xml:38:17-76
146-->[com.google.firebase:firebase-auth:23.2.0] AndroidManifest.xml:38:27-73
147                <category android:name="android.intent.category.BROWSABLE" />
147-->[com.google.firebase:firebase-auth:23.2.0] AndroidManifest.xml:39:17-78
147-->[com.google.firebase:firebase-auth:23.2.0] AndroidManifest.xml:39:27-75
148
149                <data
149-->src\main\AndroidManifest.xml:42:13-50
150                    android:host="firebase.auth"
151                    android:path="/"
152                    android:scheme="recaptcha" />
153            </intent-filter>
154        </activity>
155
156        <provider
156-->[com.google.firebase:firebase-common:21.0.0] AndroidManifest.xml:23:9-28:39
157            android:name="com.google.firebase.provider.FirebaseInitProvider"
157-->[com.google.firebase:firebase-common:21.0.0] AndroidManifest.xml:24:13-77
158            android:authorities="com.rence_carl_errole.ecolokal.firebaseinitprovider"
158-->[com.google.firebase:firebase-common:21.0.0] AndroidManifest.xml:25:13-72
159            android:directBootAware="true"
159-->[com.google.firebase:firebase-common:21.0.0] AndroidManifest.xml:26:13-43
160            android:exported="false"
160-->[com.google.firebase:firebase-common:21.0.0] AndroidManifest.xml:27:13-37
161            android:initOrder="100" />
161-->[com.google.firebase:firebase-common:21.0.0] AndroidManifest.xml:28:13-36
162
163        <service
163-->[androidx.credentials:credentials-play-services-auth:1.2.0-rc01] AndroidManifest.xml:24:9-32:19
164            android:name="androidx.credentials.playservices.CredentialProviderMetadataHolder"
164-->[androidx.credentials:credentials-play-services-auth:1.2.0-rc01] AndroidManifest.xml:25:13-94
165            android:enabled="true"
165-->[androidx.credentials:credentials-play-services-auth:1.2.0-rc01] AndroidManifest.xml:26:13-35
166            android:exported="false" >
166-->[androidx.credentials:credentials-play-services-auth:1.2.0-rc01] AndroidManifest.xml:27:13-37
167            <meta-data
167-->[androidx.credentials:credentials-play-services-auth:1.2.0-rc01] AndroidManifest.xml:29:13-31:104
168                android:name="androidx.credentials.CREDENTIAL_PROVIDER_KEY"
168-->[androidx.credentials:credentials-play-services-auth:1.2.0-rc01] AndroidManifest.xml:30:17-76
169                android:value="androidx.credentials.playservices.CredentialProviderPlayServicesImpl" />
169-->[androidx.credentials:credentials-play-services-auth:1.2.0-rc01] AndroidManifest.xml:31:17-101
170        </service>
171
172        <activity
172-->[androidx.credentials:credentials-play-services-auth:1.2.0-rc01] AndroidManifest.xml:34:9-41:20
173            android:name="androidx.credentials.playservices.HiddenActivity"
173-->[androidx.credentials:credentials-play-services-auth:1.2.0-rc01] AndroidManifest.xml:35:13-76
174            android:configChanges="orientation|screenSize|screenLayout|keyboardHidden"
174-->[androidx.credentials:credentials-play-services-auth:1.2.0-rc01] AndroidManifest.xml:36:13-87
175            android:enabled="true"
175-->[androidx.credentials:credentials-play-services-auth:1.2.0-rc01] AndroidManifest.xml:37:13-35
176            android:exported="false"
176-->[androidx.credentials:credentials-play-services-auth:1.2.0-rc01] AndroidManifest.xml:38:13-37
177            android:fitsSystemWindows="true"
177-->[androidx.credentials:credentials-play-services-auth:1.2.0-rc01] AndroidManifest.xml:39:13-45
178            android:theme="@style/Theme.Hidden" >
178-->[androidx.credentials:credentials-play-services-auth:1.2.0-rc01] AndroidManifest.xml:40:13-48
179        </activity>
180        <activity
180-->[com.google.android.gms:play-services-auth:21.0.0] AndroidManifest.xml:23:9-27:75
181            android:name="com.google.android.gms.auth.api.signin.internal.SignInHubActivity"
181-->[com.google.android.gms:play-services-auth:21.0.0] AndroidManifest.xml:24:13-93
182            android:excludeFromRecents="true"
182-->[com.google.android.gms:play-services-auth:21.0.0] AndroidManifest.xml:25:13-46
183            android:exported="false"
183-->[com.google.android.gms:play-services-auth:21.0.0] AndroidManifest.xml:26:13-37
184            android:theme="@android:style/Theme.Translucent.NoTitleBar" />
184-->[com.google.android.gms:play-services-auth:21.0.0] AndroidManifest.xml:27:13-72
185        <!--
186            Service handling Google Sign-In user revocation. For apps that do not integrate with
187            Google Sign-In, this service will never be started.
188        -->
189        <service
189-->[com.google.android.gms:play-services-auth:21.0.0] AndroidManifest.xml:33:9-37:51
190            android:name="com.google.android.gms.auth.api.signin.RevocationBoundService"
190-->[com.google.android.gms:play-services-auth:21.0.0] AndroidManifest.xml:34:13-89
191            android:exported="true"
191-->[com.google.android.gms:play-services-auth:21.0.0] AndroidManifest.xml:35:13-36
192            android:permission="com.google.android.gms.auth.api.signin.permission.REVOCATION_NOTIFICATION"
192-->[com.google.android.gms:play-services-auth:21.0.0] AndroidManifest.xml:36:13-107
193            android:visibleToInstantApps="true" />
193-->[com.google.android.gms:play-services-auth:21.0.0] AndroidManifest.xml:37:13-48
194
195        <activity
195-->[com.facebook.android:facebook-common:17.0.1] AndroidManifest.xml:22:9-25:66
196            android:name="com.facebook.FacebookActivity"
196-->[com.facebook.android:facebook-common:17.0.1] AndroidManifest.xml:23:13-57
197            android:configChanges="keyboard|keyboardHidden|screenLayout|screenSize|orientation"
197-->[com.facebook.android:facebook-common:17.0.1] AndroidManifest.xml:24:13-96
198            android:theme="@style/com_facebook_activity_theme" />
198-->[com.facebook.android:facebook-common:17.0.1] AndroidManifest.xml:25:13-63
199        <activity android:name="com.facebook.CustomTabMainActivity" />
199-->[com.facebook.android:facebook-common:17.0.1] AndroidManifest.xml:26:9-71
199-->[com.facebook.android:facebook-common:17.0.1] AndroidManifest.xml:26:19-68
200        <activity
200-->[com.facebook.android:facebook-common:17.0.1] AndroidManifest.xml:27:9-41:20
201            android:name="com.facebook.CustomTabActivity"
201-->[com.facebook.android:facebook-common:17.0.1] AndroidManifest.xml:28:13-58
202            android:exported="true" >
202-->[com.facebook.android:facebook-common:17.0.1] AndroidManifest.xml:29:13-36
203            <intent-filter>
203-->[com.facebook.android:facebook-common:17.0.1] AndroidManifest.xml:31:13-40:29
204                <action android:name="android.intent.action.VIEW" />
204-->[com.google.firebase:firebase-auth:23.2.0] AndroidManifest.xml:36:17-69
204-->[com.google.firebase:firebase-auth:23.2.0] AndroidManifest.xml:36:25-66
205
206                <category android:name="android.intent.category.DEFAULT" />
206-->[com.google.firebase:firebase-auth:23.2.0] AndroidManifest.xml:38:17-76
206-->[com.google.firebase:firebase-auth:23.2.0] AndroidManifest.xml:38:27-73
207                <category android:name="android.intent.category.BROWSABLE" />
207-->[com.google.firebase:firebase-auth:23.2.0] AndroidManifest.xml:39:17-78
207-->[com.google.firebase:firebase-auth:23.2.0] AndroidManifest.xml:39:27-75
208
209                <data
209-->src\main\AndroidManifest.xml:42:13-50
210                    android:host="cct.com.rence_carl_errole.ecolokal"
211                    android:scheme="fbconnect" />
212            </intent-filter>
213        </activity>
214
215        <receiver
215-->[com.google.android.gms:play-services-measurement:22.3.0] AndroidManifest.xml:29:9-33:20
216            android:name="com.google.android.gms.measurement.AppMeasurementReceiver"
216-->[com.google.android.gms:play-services-measurement:22.3.0] AndroidManifest.xml:30:13-85
217            android:enabled="true"
217-->[com.google.android.gms:play-services-measurement:22.3.0] AndroidManifest.xml:31:13-35
218            android:exported="false" >
218-->[com.google.android.gms:play-services-measurement:22.3.0] AndroidManifest.xml:32:13-37
219        </receiver>
220
221        <service
221-->[com.google.android.gms:play-services-measurement:22.3.0] AndroidManifest.xml:35:9-38:40
222            android:name="com.google.android.gms.measurement.AppMeasurementService"
222-->[com.google.android.gms:play-services-measurement:22.3.0] AndroidManifest.xml:36:13-84
223            android:enabled="true"
223-->[com.google.android.gms:play-services-measurement:22.3.0] AndroidManifest.xml:37:13-35
224            android:exported="false" />
224-->[com.google.android.gms:play-services-measurement:22.3.0] AndroidManifest.xml:38:13-37
225        <service
225-->[com.google.android.gms:play-services-measurement:22.3.0] AndroidManifest.xml:39:9-43:72
226            android:name="com.google.android.gms.measurement.AppMeasurementJobService"
226-->[com.google.android.gms:play-services-measurement:22.3.0] AndroidManifest.xml:40:13-87
227            android:enabled="true"
227-->[com.google.android.gms:play-services-measurement:22.3.0] AndroidManifest.xml:41:13-35
228            android:exported="false"
228-->[com.google.android.gms:play-services-measurement:22.3.0] AndroidManifest.xml:42:13-37
229            android:permission="android.permission.BIND_JOB_SERVICE" />
229-->[com.google.android.gms:play-services-measurement:22.3.0] AndroidManifest.xml:43:13-69
230        <!--
231         The initialization ContentProvider will call FacebookSdk.sdkInitialize automatically
232         with the application context. This config is merged in with the host app's manifest,
233         but there can only be one provider with the same authority activated at any given
234         point; so if the end user has two or more different apps that use Facebook SDK, only the
235         first one will be able to use the provider. To work around this problem, we use the
236         following placeholder in the authority to identify each host application as if it was
237         a completely different provider.
238        -->
239        <provider
239-->[com.facebook.android:facebook-core:17.0.1] AndroidManifest.xml:29:9-32:40
240            android:name="com.facebook.internal.FacebookInitProvider"
240-->[com.facebook.android:facebook-core:17.0.1] AndroidManifest.xml:30:13-70
241            android:authorities="com.rence_carl_errole.ecolokal.FacebookInitProvider"
241-->[com.facebook.android:facebook-core:17.0.1] AndroidManifest.xml:31:13-72
242            android:exported="false" />
242-->[com.facebook.android:facebook-core:17.0.1] AndroidManifest.xml:32:13-37
243
244        <receiver
244-->[com.facebook.android:facebook-core:17.0.1] AndroidManifest.xml:34:9-40:20
245            android:name="com.facebook.CurrentAccessTokenExpirationBroadcastReceiver"
245-->[com.facebook.android:facebook-core:17.0.1] AndroidManifest.xml:35:13-86
246            android:exported="false" >
246-->[com.facebook.android:facebook-core:17.0.1] AndroidManifest.xml:36:13-37
247            <intent-filter>
247-->[com.facebook.android:facebook-core:17.0.1] AndroidManifest.xml:37:13-39:29
248                <action android:name="com.facebook.sdk.ACTION_CURRENT_ACCESS_TOKEN_CHANGED" />
248-->[com.facebook.android:facebook-core:17.0.1] AndroidManifest.xml:38:17-95
248-->[com.facebook.android:facebook-core:17.0.1] AndroidManifest.xml:38:25-92
249            </intent-filter>
250        </receiver>
251        <receiver
251-->[com.facebook.android:facebook-core:17.0.1] AndroidManifest.xml:41:9-47:20
252            android:name="com.facebook.AuthenticationTokenManager$CurrentAuthenticationTokenChangedBroadcastReceiver"
252-->[com.facebook.android:facebook-core:17.0.1] AndroidManifest.xml:42:13-118
253            android:exported="false" >
253-->[com.facebook.android:facebook-core:17.0.1] AndroidManifest.xml:43:13-37
254            <intent-filter>
254-->[com.facebook.android:facebook-core:17.0.1] AndroidManifest.xml:44:13-46:29
255                <action android:name="com.facebook.sdk.ACTION_CURRENT_AUTHENTICATION_TOKEN_CHANGED" />
255-->[com.facebook.android:facebook-core:17.0.1] AndroidManifest.xml:45:17-103
255-->[com.facebook.android:facebook-core:17.0.1] AndroidManifest.xml:45:25-100
256            </intent-filter>
257        </receiver>
258
259        <uses-library
259-->[androidx.window:window:1.2.0] AndroidManifest.xml:23:9-25:40
260            android:name="androidx.window.extensions"
260-->[androidx.window:window:1.2.0] AndroidManifest.xml:24:13-54
261            android:required="false" />
261-->[androidx.window:window:1.2.0] AndroidManifest.xml:25:13-37
262        <uses-library
262-->[androidx.window:window:1.2.0] AndroidManifest.xml:26:9-28:40
263            android:name="androidx.window.sidecar"
263-->[androidx.window:window:1.2.0] AndroidManifest.xml:27:13-51
264            android:required="false" />
264-->[androidx.window:window:1.2.0] AndroidManifest.xml:28:13-37
265        <uses-library
265-->[androidx.privacysandbox.ads:ads-adservices:1.1.0-beta11] AndroidManifest.xml:23:9-25:40
266            android:name="android.ext.adservices"
266-->[androidx.privacysandbox.ads:ads-adservices:1.1.0-beta11] AndroidManifest.xml:24:13-50
267            android:required="false" />
267-->[androidx.privacysandbox.ads:ads-adservices:1.1.0-beta11] AndroidManifest.xml:25:13-37
268
269        <activity
269-->[com.google.android.gms:play-services-base:18.5.0] AndroidManifest.xml:5:9-173
270            android:name="com.google.android.gms.common.api.GoogleApiActivity"
270-->[com.google.android.gms:play-services-base:18.5.0] AndroidManifest.xml:5:19-85
271            android:exported="false"
271-->[com.google.android.gms:play-services-base:18.5.0] AndroidManifest.xml:5:146-170
272            android:theme="@android:style/Theme.Translucent.NoTitleBar" />
272-->[com.google.android.gms:play-services-base:18.5.0] AndroidManifest.xml:5:86-145
273
274        <meta-data
274-->[com.google.android.gms:play-services-basement:18.5.0] AndroidManifest.xml:21:9-23:69
275            android:name="com.google.android.gms.version"
275-->[com.google.android.gms:play-services-basement:18.5.0] AndroidManifest.xml:22:13-58
276            android:value="@integer/google_play_services_version" />
276-->[com.google.android.gms:play-services-basement:18.5.0] AndroidManifest.xml:23:13-66
277
278        <provider
278-->[androidx.lifecycle:lifecycle-process:2.7.0] AndroidManifest.xml:24:9-32:20
279            android:name="androidx.startup.InitializationProvider"
279-->[androidx.lifecycle:lifecycle-process:2.7.0] AndroidManifest.xml:25:13-67
280            android:authorities="com.rence_carl_errole.ecolokal.androidx-startup"
280-->[androidx.lifecycle:lifecycle-process:2.7.0] AndroidManifest.xml:26:13-68
281            android:exported="false" >
281-->[androidx.lifecycle:lifecycle-process:2.7.0] AndroidManifest.xml:27:13-37
282            <meta-data
282-->[androidx.lifecycle:lifecycle-process:2.7.0] AndroidManifest.xml:29:13-31:52
283                android:name="androidx.lifecycle.ProcessLifecycleInitializer"
283-->[androidx.lifecycle:lifecycle-process:2.7.0] AndroidManifest.xml:30:17-78
284                android:value="androidx.startup" />
284-->[androidx.lifecycle:lifecycle-process:2.7.0] AndroidManifest.xml:31:17-49
285            <meta-data
285-->[androidx.profileinstaller:profileinstaller:1.3.1] AndroidManifest.xml:29:13-31:52
286                android:name="androidx.profileinstaller.ProfileInstallerInitializer"
286-->[androidx.profileinstaller:profileinstaller:1.3.1] AndroidManifest.xml:30:17-85
287                android:value="androidx.startup" />
287-->[androidx.profileinstaller:profileinstaller:1.3.1] AndroidManifest.xml:31:17-49
288        </provider>
289
290        <receiver
290-->[androidx.profileinstaller:profileinstaller:1.3.1] AndroidManifest.xml:34:9-52:20
291            android:name="androidx.profileinstaller.ProfileInstallReceiver"
291-->[androidx.profileinstaller:profileinstaller:1.3.1] AndroidManifest.xml:35:13-76
292            android:directBootAware="false"
292-->[androidx.profileinstaller:profileinstaller:1.3.1] AndroidManifest.xml:36:13-44
293            android:enabled="true"